[davis-html.netlify.app/index2.html]
[backblue.gif]
[fade.gif]
[index.html]
[davis-html.netlify.app/assets/img/favicon.png]
[davis-html.netlify.app/assets/css/bootstrap.min.css]
[davis-html.netlify.app/assets/css/fontawesome.css]
[davis-html.netlify.app/assets/css/slick.css]
[davis-html.netlify.app/assets/css/lightgallery.min.css]
[davis-html.netlify.app/assets/css/animate.css]
[davis-html.netlify.app/assets/css/style.css]
[davis-html.netlify.app/assets/img/section/hero-img.jpg]
[davis-html.netlify.app/assets/img/section/about.jpg]
[davis-html.netlify.app/assets/img/icon/resume-icon1.png]
[davis-html.netlify.app/assets/img/icon/resume-icon2.png]
[davis-html.netlify.app/assets/img/portfolio/portfolio1_lg.jpg]
[davis-html.netlify.app/assets/img/portfolio/portfolio1.jpg]
[davis-html.netlify.app/assets/img/portfolio/portfolio2_lg.jpg]
[davis-html.netlify.app/assets/img/portfolio/portfolio2.jpg]
[davis-html.netlify.app/assets/img/portfolio/portfolio3_lg.jpg]
[davis-html.netlify.app/assets/img/portfolio/portfolio3.jpg]
[davis-html.netlify.app/assets/img/portfolio/portfolio4_lg.jpg]
[davis-html.netlify.app/assets/img/portfolio/portfolio4.jpg]
[davis-html.netlify.app/assets/img/portfolio/portfolio5_lg.jpg]
[davis-html.netlify.app/assets/img/portfolio/portfolio5.jpg]
[davis-html.netlify.app/assets/img/portfolio/portfolio6_lg.jpg]
[davis-html.netlify.app/assets/img/portfolio/portfolio6.jpg]
[davis-html.netlify.app/assets/img/icon/quote.png]
[davis-html.netlify.app/assets/img/client/client1.png]
[davis-html.netlify.app/assets/img/client/client2.png]
[davis-html.netlify.app/assets/img/client/client3.png]
[davis-html.netlify.app/blog-details.html]
[davis-html.netlify.app/assets/img/blog/blog1.jpg]
[davis-html.netlify.app/assets/img/blog/blog2.jpg]
[davis-html.netlify.app/assets/img/blog/blog3.jpg]
[davis-html.netlify.app/assets/js/jquery-1.12.4.min.js]
[davis-html.netlify.app/assets/js/jquery.slick.min.js]
[davis-html.netlify.app/assets/js/lightgallery.min.js]
[davis-html.netlify.app/assets/js/wow.min.js]
[davis-html.netlify.app/assets/js/particles.min.js]
[davis-html.netlify.app/index2.html]
[davis-html.netlify.app/assets/css/bootstrap.min.css]
[davis-html.netlify.app/assets/js/main.js]
[davis-html.netlify.app/assets/fonts/fa-brands-400.eot]
[davis-html.netlify.app/assets/fonts/fa-brands-400d41d.eot]
[davis-html.netlify.app/assets/fonts/fa-brands-400.woff2]
[davis-html.netlify.app/assets/fonts/fa-brands-400.woff]
[davis-html.netlify.app/assets/fonts/fa-brands-400.ttf]
[davis-html.netlify.app/assets/fonts/fa-regular-400.eot]
[davis-html.netlify.app/assets/fonts/fa-brands-400.svg]
[davis-html.netlify.app/assets/fonts/fa-regular-400d41d.eot]
[davis-html.netlify.app/assets/fonts/fa-regular-400.woff2]
[davis-html.netlify.app/assets/fonts/fa-regular-400.woff]
[davis-html.netlify.app/assets/fonts/fa-regular-400.ttf]
[davis-html.netlify.app/assets/fonts/fa-regular-400.svg]
[davis-html.netlify.app/assets/fonts/fa-solid-900.eot]
[davis-html.netlify.app/assets/fonts/fa-solid-900d41d.eot]
[davis-html.netlify.app/assets/fonts/fa-solid-900.woff2]
[davis-html.netlify.app/assets/fonts/fa-solid-900.woff]
[davis-html.netlify.app/assets/fonts/fa-solid-900.ttf]
[davis-html.netlify.app/assets/css/fontawesome.css]
[davis-html.netlify.app/assets/css/slick.css]
[davis-html.netlify.app/assets/fonts/lgd641.eot]
[davis-html.netlify.app/assets/fonts/lgd41d.eot]
[davis-html.netlify.app/assets/fonts/fa-solid-900.svg]
[davis-html.netlify.app/assets/fonts/lgd641.woff]
[davis-html.netlify.app/assets/fonts/lgd641.ttf]
[davis-html.netlify.app/assets/fonts/lgd641.svg]
[davis-html.netlify.app/assets/img/vimeo-play.3d.delayed]
[davis-html.netlify.app/assets/img/video-play.3e.delayed]
[davis-html.netlify.app/assets/img/youtube-play.3f.delayed]
[davis-html.netlify.app/assets/img/loading.gif]
[davis-html.netlify.app/assets/css/lightgallery.min.css]
[davis-html.netlify.app/assets/css/animate.css]
[davis-html.netlify.app/assets/css/style.css]
[davis-html.netlify.app/assets/img/logo.png]
[davis-html.netlify.app/index.html]
[davis-html.netlify.app/index1.html]
[davis-html.netlify.app/assets/img/hero-bg17.jpg]
[davis-html.netlify.app/assets/img/hero-bg3.jpg]
[davis-html.netlify.app/assets/img/hero-bg4.jpg]
[davis-html.netlify.app/assets/img/hero-bg5.jpg]
[davis-html.netlify.app/assets/img/comment1.jpg]
[davis-html.netlify.app/assets/img/comment2.jpg]
[davis-html.netlify.app/blog-details.html]
[davis-html.netlify.app/assets/fonts/fa-brands-400.svg]
[davis-html.netlify.app/assets/fonts/fa-regular-400.svg]
[davis-html.netlify.app/assets/fonts/fa-solid-900.svg]
[davis-html.netlify.app/assets/fonts/lgd641.svg]
[davis-html.netlify.app/assets/img/vimeo-play.html]
[davis-html.netlify.app/assets/img/video-play.html]
[davis-html.netlify.app/assets/img/youtube-play.html]
[davis-html.netlify.app/assets/js/ripples.min.js]
[davis-html.netlify.app/assets/img/demo/demo1.jpg]
[davis-html.netlify.app/assets/img/demo/demo2.jpg]
[davis-html.netlify.app/assets/img/demo/demo4.jpg]
[davis-html.netlify.app/assets/img/demo/demo3.jpg]
[davis-html.netlify.app/index4.html]
[davis-html.netlify.app/index.html]
[davis-html.netlify.app/index1.html]
[davis-html.netlify.app/index3.html]
[davis-html.netlify.app/assets/img/hero-bg-2.jpg]
[davis-html.netlify.app/index4.html]
[davis-html.netlify.app/assets/img/hero-bg-1.jpg]
[davis-html.netlify.app/index3.html]
